#
# A fatal error has been detected by the Java Runtime Environment:
#
#  EXCEPTION_ACCESS_VIOLATION (0xc0000005) at pc=0x00000000689757d4, pid=6908, tid=4344
#
# JRE version: Java(TM) SE Runtime Environment (8.0_77-b03) (build 1.8.0_77-b03)
# Java VM: Java HotSpot(TM) 64-Bit Server VM (25.77-b03 mixed mode windows-amd64 compressed oops)
# Problematic frame:
# V  [jvm.dll+0x657d4]
#
# Failed to write core dump. Minidumps are not enabled by default on client versions of Windows
#
# If you would like to submit a bug report, please visit:
#   http://bugreport.java.com/bugreport/crash.jsp
#

---------------  T H R E A D  ---------------

Current thread (0x00000000023c3800):  JavaThread "main" [_thread_in_vm, id=4344, stack(0x00000000022c0000,0x00000000023c0000)]

siginfo: ExceptionCode=0xc0000005, reading address 0x000000003c410f30

Registers:
RAX=0x000000003c410f20, RBX=0x000000076b35ca98, RCX=0x000000001f23fd40, RDX=0x0000000000000000
RSP=0x00000000023bd400, RBP=0x00000000023bd4e9, RSI=0x000000000240fda0, RDI=0x000000001df52720
R8 =0x000000005e6e1be5, R9 =0x000000000240fda0, R10=0x0000000000000076, R11=0x000000076b000ac8
R12=0x00000000023c3800, R13=0x0000000000000000, R14=0x000000001e1e95b0, R15=0x00000000023c4110
RIP=0x00000000689757d4, EFLAGS=0x0000000000010202

Top of Stack: (sp=0x00000000023bd400)
0x00000000023bd400:   00000000024c56d0 0000000068a49916
0x00000000023bd410:   00000000023bdb60 00000000023bdb08
0x00000000023bd420:   000000000240fda0 000000006897626a
0x00000000023bd430:   000000001df52720 0000000068985d0c
0x00000000023bd440:   00000000000003d8 0000000068b44213
0x00000000023bd450:   000000001ec4cd98 000000006898bd7a
0x00000000023bd460:   000000000240fda0 00000000023c3800
0x00000000023bd470:   00000000023bd738 0000000068987642
0x00000000023bd480:   000000001e1e95b0 000000001ec4cd88
0x00000000023bd490:   00000000023c3800 00000000af51cdcc
0x00000000023bd4a0:   00000000af51cdcc 5e6e1be500000076
0x00000000023bd4b0:   0000000000007fe8 0000000000000000
0x00000000023bd4c0:   0000000000004293 00000000023c3800
0x00000000023bd4d0:   00000000023bd550 3033653862376536
0x00000000023bd4e0:   0000000000000000 00000000002c2d25
0x00000000023bd4f0:   00000000b0145231 00000000686ad7d6 

Instructions: (pc=0x00000000689757d4)
0x00000000689757b4:   48 8b 5c 24 30 48 83 c4 20 5f c3 48 8b 4f 18 48
0x00000000689757c4:   85 c9 74 1a 0f 1f 84 00 00 00 00 00 48 8b 41 08
0x00000000689757d4:   48 39 58 10 74 d8 48 8b 09 48 85 c9 75 ee 32 c0
0x00000000689757e4:   48 8b 5c 24 30 48 83 c4 20 5f c3 cc 4c 63 05 8d 


Register to memory mapping:

RAX=0x000000003c410f20 is an unknown value
RBX=0x000000076b35ca98 is an oop
java.security.ProtectionDomain 
 - klass: 'java/security/ProtectionDomain'
RCX=0x000000001f23fd40 is an unknown value
RDX=0x0000000000000000 is an unknown value
RSP=0x00000000023bd400 is pointing into the stack for thread: 0x00000000023c3800
RBP=0x00000000023bd4e9 is pointing into the stack for thread: 0x00000000023c3800
RSI=0x000000000240fda0 is an unknown value
RDI=0x000000001df52720 is an unknown value
R8 =0x000000005e6e1be5 is an unknown value
R9 =0x000000000240fda0 is an unknown value
R10=0x0000000000000076 is an unknown value
R11=0x000000076b000ac8 is an oop
java.lang.Class 
 - klass: 'java/lang/Class'
R12=0x00000000023c3800 is a thread
R13=0x0000000000000000 is an unknown value
R14=0x000000001e1e95b0 is an unknown value
R15=0x00000000023c4110 is an unknown value


Stack: [0x00000000022c0000,0x00000000023c0000],  sp=0x00000000023bd400,  free space=1013k
Native frames: (J=compiled Java code, j=interpreted, Vv=VM code, C=native code)
V  [jvm.dll+0x657d4]
V  [jvm.dll+0x6626a]
V  [jvm.dll+0x7bd7a]
V  [jvm.dll+0x7d866]
V  [jvm.dll+0x7d8bd]
V  [jvm.dll+0x2213e1]
V  [jvm.dll+0x223a4c]
V  [jvm.dll+0x223bc1]
V  [jvm.dll+0x19a574]
V  [jvm.dll+0x19a886]
C  0x00000000029516b5

Java frames: (J=compiled Java code, j=interpreted, Vv=VM code)
J 1050  java.lang.Class.getDeclaredMethods0(Z)[Ljava/lang/reflect/Method; (0 bytes) @ 0x000000000295163b [0x0000000002951600+0x3b]
J 569 C1 java.lang.Class.privateGetDeclaredMethods(Z)[Ljava/lang/reflect/Method; (67 bytes) @ 0x00000000027150a4 [0x0000000002714d80+0x324]
J 1060 C1 java.lang.Class.privateGetPublicMethods()[Ljava/lang/reflect/Method; (267 bytes) @ 0x000000000295f824 [0x000000000295f4c0+0x364]
j  java.lang.Class.getMethods()[Ljava/lang/reflect/Method;+10
j  java.beans.Introspector.getPublicDeclaredMethods(Ljava/lang/Class;)[Ljava/lang/reflect/Method;+34
j  java.beans.Introspector.getTargetMethodInfo()[Ljava/beans/MethodDescriptor;+170
j  java.beans.Introspector.getBeanInfo()Ljava/beans/BeanInfo;+6
j  java.beans.Introspector.getBeanInfo(Ljava/lang/Class;)Ljava/beans/BeanInfo;+63
j  groovy.lang.MetaClassImpl$15.run()Ljava/lang/Object;+7
v  ~StubRoutines::call_stub
j  java.security.AccessController.doPrivileged(Ljava/security/PrivilegedExceptionAction;)Ljava/lang/Object;+0
j  groovy.lang.MetaClassImpl.addProperties()V+37
j  groovy.lang.MetaClassImpl.initialize()V+12
j  org.codehaus.groovy.reflection.ClassInfo.getMetaClassUnderLock()Lgroovy/lang/MetaClass;+49
J 1169 C1 org.codehaus.groovy.reflection.ClassInfo.getMetaClass()Lgroovy/lang/MetaClass; (33 bytes) @ 0x00000000029a0cec [0x00000000029a00a0+0xc4c]
j  org.wallerlab.yoink.math.linear.SimpleVector3DFactorySpec.$getStaticMetaClass()Lgroovy/lang/MetaClass;+35
j  org.wallerlab.yoink.math.linear.SimpleVector3DFactorySpec.<init>()V+9
v  ~StubRoutines::call_stub
J 1293  sun.reflect.NativeConstructorAccessorImpl.newInstance0(Ljava/lang/reflect/Constructor;[Ljava/lang/Object;)Ljava/lang/Object; (0 bytes) @ 0x00000000029fc0a6 [0x00000000029fc040+0x66]
J 1292 C1 sun.reflect.NativeConstructorAccessorImpl.newInstance([Ljava/lang/Object;)Ljava/lang/Object; (89 bytes) @ 0x0000000002a0478c [0x0000000002a03700+0x108c]
J 1168 C1 sun.reflect.DelegatingConstructorAccessorImpl.newInstance([Ljava/lang/Object;)Ljava/lang/Object; (9 bytes) @ 0x000000000299ba4c [0x000000000299b940+0x10c]
J 1167 C1 java.lang.reflect.Constructor.newInstance([Ljava/lang/Object;)Ljava/lang/Object; (87 bytes) @ 0x000000000299b30c [0x000000000299ae40+0x4cc]
j  java.lang.Class.newInstance()Ljava/lang/Object;+138
j  org.spockframework.runtime.BaseSpecRunner.createSpecInstance(Z)V+23
j  org.spockframework.runtime.BaseSpecRunner.run()I+37
j  org.spockframework.runtime.Sputnik.run(Lorg/junit/runner/notification/RunNotifier;)V+19
j  org.eclipse.jdt.internal.junit4.runner.JUnit4TestReference.run(Lorg/eclipse/jdt/internal/junit/runner/TestExecution;)V+72
j  org.eclipse.jdt.internal.junit.runner.TestExecution.run([Lorg/eclipse/jdt/internal/junit/runner/ITestReference;)V+17
j  org.eclipse.jdt.internal.junit.runner.RemoteTestRunner.runTests([Ljava/lang/String;Ljava/lang/String;Lorg/eclipse/jdt/internal/junit/runner/TestExecution;)V+61
j  org.eclipse.jdt.internal.junit.runner.RemoteTestRunner.runTests(Lorg/eclipse/jdt/internal/junit/runner/TestExecution;)V+10
j  org.eclipse.jdt.internal.junit.runner.RemoteTestRunner.run()V+70
j  org.eclipse.jdt.internal.junit.runner.RemoteTestRunner.main([Ljava/lang/String;)V+14
v  ~StubRoutines::call_stub

---------------  P R O C E S S  ---------------

Java Threads: ( => current thread )
  0x000000001f35d800 JavaThread "Thread-1" [_thread_blocked, id=3116, stack(0x0000000020d00000,0x0000000020e00000)]
  0x000000001ec33000 JavaThread "ReaderThread" [_thread_in_native, id=4592, stack(0x000000001f4f0000,0x000000001f5f0000)]
  0x000000001decd800 JavaThread "Service Thread" daemon [_thread_blocked, id=5196, stack(0x000000001e9f0000,0x000000001eaf0000)]
  0x000000001de4e800 JavaThread "C1 CompilerThread3" daemon [_thread_blocked, id=4544, stack(0x000000001e8f0000,0x000000001e9f0000)]
  0x000000001de4b800 JavaThread "C2 CompilerThread2" daemon [_thread_blocked, id=5940, stack(0x000000001e7f0000,0x000000001e8f0000)]
  0x000000001de43000 JavaThread "C2 CompilerThread1" daemon [_thread_in_native, id=6632, stack(0x000000001e6f0000,0x000000001e7f0000)]
  0x000000001de3f800 JavaThread "C2 CompilerThread0" daemon [_thread_in_native, id=5620, stack(0x000000001e5f0000,0x000000001e6f0000)]
  0x000000001de3a800 JavaThread "Attach Listener" daemon [_thread_blocked, id=5624, stack(0x000000001e4f0000,0x000000001e5f0000)]
  0x000000001bf4e800 JavaThread "Signal Dispatcher" daemon [_thread_blocked, id=6636, stack(0x000000001e3f0000,0x000000001e4f0000)]
  0x000000001de30800 JavaThread "Finalizer" daemon [_thread_blocked, id=5800, stack(0x000000001e210000,0x000000001e310000)]
  0x00000000024ba000 JavaThread "Reference Handler" daemon [_thread_blocked, id=6720, stack(0x000000001dd10000,0x000000001de10000)]
=>0x00000000023c3800 JavaThread "main" [_thread_in_vm, id=4344, stack(0x00000000022c0000,0x00000000023c0000)]

Other Threads:
  0x000000001bf39800 VMThread [stack: 0x000000001dc10000,0x000000001dd10000] [id=4524]
  0x000000001df08000 WatcherThread [stack: 0x000000001eaf0000,0x000000001ebf0000] [id=3568]

VM state:not at safepoint (normal execution)

VM Mutex/Monitor currently owned by a thread: None

Heap:
 PSYoungGen      total 76288K, used 57355K [0x000000076b000000, 0x0000000770500000, 0x00000007c0000000)
  eden space 65536K, 87% used [0x000000076b000000,0x000000076e802df8,0x000000076f000000)
  from space 10752K, 0% used [0x000000076fa80000,0x000000076fa80000,0x0000000770500000)
  to   space 10752K, 0% used [0x000000076f000000,0x000000076f000000,0x000000076fa80000)
 ParOldGen       total 175104K, used 0K [0x00000006c1000000, 0x00000006cbb00000, 0x000000076b000000)
  object space 175104K, 0% used [0x00000006c1000000,0x00000006c1000000,0x00000006cbb00000)
 Metaspace       used 13650K, capacity 13880K, committed 13952K, reserved 1060864K
  class space    used 1499K, capacity 1639K, committed 1664K, reserved 1048576K

Card table byte_map: [0x0000000011880000,0x0000000012080000] byte_map_base: 0x000000000e278000

Marking Bits: (ParMarkBitMap*) 0x0000000069120600
 Begin Bits: [0x0000000012dd0000, 0x0000000016d90000)
 End Bits:   [0x0000000016d90000, 0x000000001ad50000)

Polling page: 0x0000000000920000

CodeCache: size=245760Kb used=5419Kb max_used=5429Kb free=240340Kb
 bounds [0x00000000024c0000, 0x0000000002a20000, 0x00000000114c0000]
 total_blobs=1969 nmethods=1298 adapters=583
 compilation: enabled

Compilation events (10 events):
Event: 0.814 Thread 0x000000001de4e800 1290       3       java.beans.FeatureDescriptor::getReturnType (21 bytes)
Event: 0.816 Thread 0x000000001de4e800 nmethod 1290 0x0000000002a01450 code [0x0000000002a016e0, 0x0000000002a02858]
Event: 0.816 Thread 0x000000001de4e800 1292       3       sun.reflect.NativeConstructorAccessorImpl::newInstance (89 bytes)
Event: 0.818 Thread 0x000000001de4e800 nmethod 1292 0x0000000002a03490 code [0x0000000002a03700, 0x0000000002a04a78]
Event: 0.818 Thread 0x000000001de4e800 1291   !   3       java.beans.PropertyDescriptor::findPropertyType (188 bytes)
Event: 0.822 Thread 0x000000001de43000 1299       4       groovy.lang.MetaClassImpl::addMetaMethodToIndex (65 bytes)
Event: 0.823 Thread 0x000000001de4b800 1300       4       java.lang.AbstractStringBuilder::expandCapacity (50 bytes)
Event: 0.823 Thread 0x000000001de3f800 1301       4       groovy.lang.MetaClassImpl$1MOPIter::processFastArray (210 bytes)
Event: 0.824 Thread 0x000000001de4e800 nmethod 1291 0x0000000002a05290 code [0x0000000002a059e0, 0x0000000002a0aa08]
Event: 0.825 Thread 0x000000001de4e800 1295   !   3       java.io.BufferedWriter::write (117 bytes)

GC Heap History (0 events):
No events

Deoptimization events (10 events):
Event: 0.366 Thread 0x00000000023c3800 Uncommon trap: reason=range_check action=make_not_entrant pc=0x000000000268e628 method=sun.reflect.generics.parser.SignatureParser.current()C @ 34
Event: 0.526 Thread 0x00000000023c3800 Uncommon trap: reason=unstable_if action=reinterpret pc=0x0000000002701698 method=java.io.DataInputStream.readUTF(Ljava/io/DataInput;)Ljava/lang/String; @ 31
Event: 0.617 Thread 0x00000000023c3800 Uncommon trap: reason=unstable_if action=reinterpret pc=0x0000000002697d98 method=java.lang.AbstractStringBuilder.append(Ljava/lang/String;)Ljava/lang/AbstractStringBuilder; @ 1
Event: 0.624 Thread 0x00000000023c3800 Uncommon trap: reason=unstable_if action=reinterpret pc=0x000000000279769c method=java.io.WinNTFileSystem.normalize(Ljava/lang/String;)Ljava/lang/String; @ 128
Event: 0.631 Thread 0x00000000023c3800 Uncommon trap: reason=class_check action=maybe_recompile pc=0x00000000028eedd8 method=java.util.HashMap.putVal(ILjava/lang/Object;Ljava/lang/Object;ZZ)Ljava/lang/Object; @ 253
Event: 0.631 Thread 0x00000000023c3800 Uncommon trap: reason=class_check action=maybe_recompile pc=0x00000000028eedd8 method=java.util.HashMap.putVal(ILjava/lang/Object;Ljava/lang/Object;ZZ)Ljava/lang/Object; @ 253
Event: 0.631 Thread 0x00000000023c3800 Uncommon trap: reason=class_check action=maybe_recompile pc=0x00000000028eedd8 method=java.util.HashMap.putVal(ILjava/lang/Object;Ljava/lang/Object;ZZ)Ljava/lang/Object; @ 253
Event: 0.631 Thread 0x00000000023c3800 Uncommon trap: reason=class_check action=maybe_recompile pc=0x00000000028eedd8 method=java.util.HashMap.putVal(ILjava/lang/Object;Ljava/lang/Object;ZZ)Ljava/lang/Object; @ 253
Event: 0.631 Thread 0x00000000023c3800 Uncommon trap: reason=class_check action=maybe_recompile pc=0x00000000028e9d70 method=java.util.HashMap.putVal(ILjava/lang/Object;Ljava/lang/Object;ZZ)Ljava/lang/Object; @ 253
Event: 0.659 Thread 0x00000000023c3800 Uncommon trap: reason=unstable_if action=reinterpret pc=0x00000000026c2804 method=java.lang.AbstractStringBuilder.append(Ljava/lang/String;)Ljava/lang/AbstractStringBuilder; @ 1

Internal exceptions (10 events):
Event: 0.799 Thread 0x00000000023c3800 Exception <a 'java/lang/ClassNotFoundException': [DBeanInfo> (0x000000076e627840) thrown at [D:\re\workspace\8-2-build-windows-amd64-cygwin\jdk8u77\6540\hotspot\src\share\vm\prims\jni.cpp, line 735]
Event: 0.799 Thread 0x00000000023c3800 Exception <a 'java/lang/ClassNotFoundException': [DBeanInfo> (0x000000076e627e60) thrown at [D:\re\workspace\8-2-build-windows-amd64-cygwin\jdk8u77\6540\hotspot\src\share\vm\prims\jni.cpp, line 735]
Event: 0.799 Thread 0x00000000023c3800 Exception <a 'java/lang/ClassNotFoundException': [DCustomizer> (0x000000076e628588) thrown at [D:\re\workspace\8-2-build-windows-amd64-cygwin\jdk8u77\6540\hotspot\src\share\vm\prims\jni.cpp, line 735]
Event: 0.799 Thread 0x00000000023c3800 Exception <a 'java/lang/ClassNotFoundException': [DCustomizer> (0x000000076e628ba8) thrown at [D:\re\workspace\8-2-build-windows-amd64-cygwin\jdk8u77\6540\hotspot\src\share\vm\prims\jni.cpp, line 735]
Event: 0.805 Thread 0x00000000023c3800 Exception <a 'java/lang/ClassNotFoundException': org/wallerlab/yoink/math/linear/JBlasVector3DtestBeanInfo> (0x000000076e6a0e00) thrown at [D:\re\workspace\8-2-build-windows-amd64-cygwin\jdk8u77\6540\hotspot\src\share\vm\classfile\systemDictionary.cpp, linÓxÐ0âÊé?
Event: 0.806 Thread 0x00000000023c3800 Exception <a 'java/lang/ClassNotFoundException': org/wallerlab/yoink/math/linear/JBlasVector3DtestCustomizer> (0x000000076e6b3fe8) thrown at [D:\re\workspace\8-2-build-windows-amd64-cygwin\jdk8u77\6540\hotspot\src\share\vm\classfile\systemDictionary.cpp, lpí!Šeþé?
Event: 0.812 Thread 0x00000000023c3800 Exception <a 'java/lang/ClassNotFoundException': org/wallerlab/yoink/math/linear/JBlasVector3DBeanInfo> (0x000000076e736cf0) thrown at [D:\re\workspace\8-2-build-windows-amd64-cygwin\jdk8u77\6540\hotspot\src\share\vm\classfile\systemDictionary.cpp, line 21ùúHnPê?
Event: 0.813 Thread 0x00000000023c3800 Exception <a 'java/lang/ClassNotFoundException': org/wallerlab/yoink/math/linear/JBlasVector3DCustomizer> (0x000000076e749d18) thrown at [D:\re\workspace\8-2-build-windows-amd64-cygwin\jdk8u77\6540\hotspot\src\share\vm\classfile\systemDictionary.cpp, line 
Event: 0.824 Thread 0x00000000023c3800 Exception <a 'java/lang/ClassNotFoundException': org/wallerlab/yoink/math/linear/SimpleVector3DFactorySpecBeanInfo> (0x000000076e7a4728) thrown at [D:\re\workspace\8-2-build-windows-amd64-cygwin\jdk8u77\6540\hotspot\src\share\vm\classfile\systemDictionary.2æÒµ‘gê?
Event: 0.825 Thread 0x00000000023c3800 Exception <a 'java/lang/ClassNotFoundException': org/wallerlab/yoink/math/linear/SimpleVector3DFactorySpecCustomizer> (0x000000076e7b8e30) thrown at [D:\re\workspace\8-2-build-windows-amd64-cygwin\jdk8u77\6540\hotspot\src\share\vm\classfile\systemDictionar}?~‘é?

Events (10 events):
Event: 0.824 loading class org/wallerlab/yoink/math/linear/SimpleVector3DFactorySpecBeanInfo
Event: 0.824 loading class org/wallerlab/yoink/math/linear/SimpleVector3DFactorySpecBeanInfo done
Event: 0.824 loading class org/wallerlab/yoink/math/linear/SimpleVector3DFactorySpecBeanInfo
Event: 0.824 loading class org/wallerlab/yoink/math/linear/SimpleVector3DFactorySpecBeanInfo done
Event: 0.824 loading class org/wallerlab/yoink/math/linear/SimpleVector3DFactorySpecCustomizer
Event: 0.824 loading class org/wallerlab/yoink/math/linear/SimpleVector3DFactorySpecCustomizer done
Event: 0.825 loading class org/wallerlab/yoink/math/linear/SimpleVector3DFactorySpecCustomizer
Event: 0.825 loading class org/wallerlab/yoink/math/linear/SimpleVector3DFactorySpecCustomizer done
Event: 0.825 loading class org/wallerlab/yoink/math/linear/SimpleVector3DFactorySpecCustomizer
Event: 0.825 loading class org/wallerlab/yoink/math/linear/SimpleVector3DFactorySpecCustomizer done


Dynamic libraries:
0x00007ff6399f0000 - 0x00007ff639a27000 	C:\Program Files\Java\jre1.8.0_77\bin\javaw.exe
0x00007fff25a80000 - 0x00007fff25c41000 	C:\Windows\SYSTEM32\ntdll.dll
0x00007fff23170000 - 0x00007fff2321d000 	C:\Windows\system32\KERNEL32.DLL
0x00007fff22150000 - 0x00007fff22338000 	C:\Windows\system32\KERNELBASE.dll
0x00007fff23710000 - 0x00007fff237b7000 	C:\Windows\system32\ADVAPI32.dll
0x00007fff25880000 - 0x00007fff2591d000 	C:\Windows\system32\msvcrt.dll
0x00007fff236b0000 - 0x00007fff2370b000 	C:\Windows\system32\sechost.dll
0x00007fff23930000 - 0x00007fff23a4c000 	C:\Windows\system32\RPCRT4.dll
0x00007fff25920000 - 0x00007fff25a76000 	C:\Windows\system32\USER32.dll
0x00007fff23f80000 - 0x00007fff24106000 	C:\Windows\system32\GDI32.dll
0x00007fff1dff0000 - 0x00007fff1e264000 	C:\Windows\WinSxS\amd64_microsoft.windows.common-controls_6595b64144ccf1df_6.0.10586.0_none_8c15ae12515e1c22\COMCTL32.dll
0x00007fff22ef0000 - 0x00007fff2316d000 	C:\Windows\system32\combase.dll
0x00007fff22d20000 - 0x00007fff22d8a000 	C:\Windows\system32\bcryptPrimitives.dll
0x00007fff23240000 - 0x00007fff2327b000 	C:\Windows\system32\IMM32.DLL
0x000000006a350000 - 0x000000006a389000 	C:\PROGRA~2\Sophos\SOPHOS~1\SOPHOS~2.DLL
0x00007fff22ee0000 - 0x00007fff22ee8000 	C:\Windows\system32\PSAPI.DLL
0x0000000068680000 - 0x0000000068752000 	C:\Program Files\Java\jre1.8.0_77\bin\msvcr100.dll
0x0000000068910000 - 0x00000000691a0000 	C:\Program Files\Java\jre1.8.0_77\bin\server\jvm.dll
0x00007fff20320000 - 0x00007fff20343000 	C:\Windows\SYSTEM32\WINMM.dll
0x00007fff1e530000 - 0x00007fff1e53a000 	C:\Windows\SYSTEM32\VERSION.dll
0x00000000008b0000 - 0x00000000008dc000 	C:\Windows\SYSTEM32\WINMMBASE.dll
0x00007fff1d3f0000 - 0x00007fff1d3f9000 	C:\Windows\SYSTEM32\WSOCK32.dll
0x00007fff23bd0000 - 0x00007fff23c3b000 	C:\Windows\system32\WS2_32.dll
0x00007fff22c10000 - 0x00007fff22c53000 	C:\Windows\system32\cfgmgr32.dll
0x0000000068820000 - 0x000000006882f000 	C:\Program Files\Java\jre1.8.0_77\bin\verify.dll
0x00000000687f0000 - 0x0000000068819000 	C:\Program Files\Java\jre1.8.0_77\bin\java.dll
0x00000000687d0000 - 0x00000000687e6000 	C:\Program Files\Java\jre1.8.0_77\bin\zip.dll
0x00007fff241c0000 - 0x00007fff2571c000 	C:\Windows\system32\SHELL32.dll
0x00007fff22340000 - 0x00007fff22985000 	C:\Windows\system32\windows.storage.dll
0x00007fff22e80000 - 0x00007fff22ed2000 	C:\Windows\system32\shlwapi.dll
0x00007fff22120000 - 0x00007fff2212f000 	C:\Windows\system32\kernel.appcore.dll
0x00007fff22c60000 - 0x00007fff22d15000 	C:\Windows\system32\shcore.dll
0x00007fff220c0000 - 0x00007fff2210b000 	C:\Windows\system32\powrprof.dll
0x00007fff220a0000 - 0x00007fff220b4000 	C:\Windows\system32\profapi.dll
0x00000000687b0000 - 0x00000000687ca000 	C:\Program Files\Java\jre1.8.0_77\bin\net.dll
0x00007fff219d0000 - 0x00007fff21a2c000 	C:\Windows\system32\mswsock.dll
0x00007fff21a80000 - 0x00007fff21a97000 	C:\Windows\SYSTEM32\CRYPTSP.dll
0x00007fff21710000 - 0x00007fff21744000 	C:\Windows\system32\rsaenh.dll
0x00007fff21ca0000 - 0x00007fff21cc9000 	C:\Windows\SYSTEM32\bcrypt.dll
0x00007fff21860000 - 0x00007fff2187f000 	C:\Windows\SYSTEM32\USERENV.dll
0x00007fff21ba0000 - 0x00007fff21bab000 	C:\Windows\SYSTEM32\CRYPTBASE.dll
0x00007fff1bcb0000 - 0x00007fff1bce8000 	C:\Windows\SYSTEM32\IPHLPAPI.DLL
0x00007fff237d0000 - 0x00007fff237d8000 	C:\Windows\system32\NSI.dll
0x00007fff1ba70000 - 0x00007fff1ba86000 	C:\Windows\SYSTEM32\dhcpcsvc6.DLL
0x00007fff1b150000 - 0x00007fff1b16a000 	C:\Windows\SYSTEM32\dhcpcsvc.DLL
0x0000000068790000 - 0x00000000687a1000 	C:\Program Files\Java\jre1.8.0_77\bin\nio.dll
0x000000006cec0000 - 0x000000006cee0000 	C:\Users\Waller\AppData\Local\Temp\jblas5276419301092146690\libgcc_s_sjlj-1.dll
0x000000006f600000 - 0x000000006f6ef000 	C:\Users\Waller\AppData\Local\Temp\jblas5276419301092146690\libgfortran-3.dll
0x0000000064c00000 - 0x0000000064c43000 	C:\Users\Waller\AppData\Local\Temp\jblas5276419301092146690\jblas_arch_flavor.dll
0x000000006c840000 - 0x000000006cb5d000 	C:\Users\Waller\AppData\Local\Temp\jblas5276419301092146690\jblas.dll
0x00007fff09ae0000 - 0x00007fff09c6c000 	C:\Windows\SYSTEM32\dbghelp.dll

VM Arguments:
jvm_args: -Dfile.encoding=Cp1252 
java_command: org.eclipse.jdt.internal.junit.runner.RemoteTestRunner -version 3 -port 52662 -testLoaderClass org.eclipse.jdt.internal.junit4.runner.JUnit4TestLoader -loaderpluginname org.eclipse.jdt.junit4.runtime -testNameFile C:\Users\Waller\AppData\Local\Temp\testNames7392833154602890117.txt
java_class_path (initial): C:\Users\Waller\Desktop\Johannes_Tölle\Git\yoink\yoink-core-math\bin;C:\Users\Waller\.gradle\caches\modules-2\files-2.1\aopalliance\aopalliance\1.0\235ba8b489512805ac13a8f9ea77a1ca5ebe3e8\aopalliance-1.0.jar;C:\Users\Waller\.gradle\caches\modules-2\files-2.1\com.fasterxml\classmate\1.0.0\434efef28c81162b17c540e634cffa3bd9b09b4c\classmate-1.0.0.jar;C:\Users\Waller\.gradle\caches\modules-2\files-2.1\com.google.guava\guava\18.0\cce0823396aa693798f8882e64213b1772032b09\guava-18.0.jar;C:\Users\Waller\.gradle\caches\modules-2\files-2.1\commons-collections\commons-collections\3.2\f951934aa5ae5a88d7e6dfaa6d32307d834a88be\commons-collections-3.2.jar;C:\Users\Waller\.gradle\caches\modules-2\files-2.1\commons-io\commons-io\1.4\a8762d07e76cfde2395257a5da47ba7c1dbd3dce\commons-io-1.4.jar;C:\Users\Waller\.gradle\caches\modules-2\files-2.1\commons-logging\commons-logging\1.2\4bfc12adfe4842bf07b657f0369c4cb522955686\commons-logging-1.2.jar;C:\Users\Waller\.gradle\caches\modules-2\files-2.1\commons-net\commons-net\3.1\2298164a7c2484406f2aa5ac85b205d39019896f\commons-net-3.1.jar;C:\Users\Waller\.gradle\caches\modules-2\files-2.1\javax.validation\validation-api\1.1.0.Final\8613ae82954779d518631e05daa73a6a954817d5\validation-api-1.1.0.Final.jar;C:\Users\Waller\.gradle\caches\modules-2\files-2.1\junit\junit-dep\4.10\64417b3bafdecd366afa514bd5beeae6c1f85ece\junit-dep-4.10.jar;C:\Users\Waller\.gradle\caches\modules-2\files-2.1\junit\junit\4.12\2973d150c0dc1fefe998f834810d68f278ea58ec\junit-4.12.jar;C:\Users\Waller\.gradle\caches\modules-2\files-2.1\log4j\log4j\1.2.16\7999a63bfccbc7c247a9aea10d83d4272bd492c6\log4j-1.2.16.jar;C:\Users\Waller\.gradle\caches\modules-2\files-2.1\org.apache.activemq.protobuf\activemq-protobuf\1.1\26682eb801f70563511f7c424dc10e8b3e66340e\activemq-protobuf-1.1.jar;C:\Users\Waller\.gradle\caches\modules-2\files-2.1\org.apache.activemq\activemq-broker\5.13.0\f90bca7717b8367ff4dda4f6ca60720904bb8c35\activemq-broker-5.13.0.jar;C:\Users\Wa
Launcher Type: SUN_STANDARD

Environment Variables:
PATH=C:/Program Files/Java/jre1.8.0_77/bin/server;C:/Program Files/Java/jre1.8.0_77/bin;C:/Program Files/Java/jre1.8.0_77/lib/amd64;C:\ProgramData\Oracle\Java\javapath;C:\Program Files\NVIDIA GPU Computing Toolkit\CUDA\v7.5\bin;C:\Program Files\NVIDIA GPU Computing Toolkit\CUDA\v7.5\libnvvp;C:\Windows\system32;C:\Windows;C:\Windows\System32\Wbem;C:\Windows\System32\WindowsPowerShell\v1.0\;C:\Program Files (x86)\NVIDIA Corporation\PhysX\Common;C:\Program Files (x86)\SoftKinetic\DepthSenseSDK\bin;C:\Program Files\SoftKinetic\DepthSenseSDK\bin;C:\Program Files\Meta\Meta SDK\Libraries\x64\;C:\Program Files\Meta\Meta SDK\Libraries\x86\;C:\Program Files\Git\cmd;C:\Users\Waller\Desktop\Johannes_Tölle\ggts-bundle\ggts-3.6.4.RELEASE;
USERNAME=Waller
OS=Windows_NT
PROCESSOR_IDENTIFIER=Intel64 Family 6 Model 60 Stepping 3, GenuineIntel



---------------  S Y S T E M  ---------------

OS: Windows 10.0 , 64 bit Build 10586 (10.0.10586.0)

CPU:total 8 (4 cores per cpu, 2 threads per core) family 6 model 60 stepping 3, cmov, cx8, fxsr, mmx, sse, sse2, sse3, ssse3, sse4.1, sse4.2, popcnt, avx, avx2, aes, clmul, erms, lzcnt, ht, tsc, tscinvbit, bmi1, bmi2

Memory: 4k page, physical 16707748k(13592068k free), swap 19722404k(16174228k free)

vm_info: Java HotSpot(TM) 64-Bit Server VM (25.77-b03) for windows-amd64 JRE (1.8.0_77-b03), built on Mar 20 2016 22:01:33 by "java_re" with MS VC++ 10.0 (VS2010)

time: Mon Apr 18 08:12:55 2016
elapsed time: 0 seconds (0d 0h 0m 0s)

